2014/03/18 05:14:43 [error] [php] require_once(google-api-php-client/src/Google_Client.php): failed to open stream: No such file or directory (D:\New-Tech\XAMPP\htdocs\yii\protected\views\gpf\index.php:3)
Stack trace:
#0 D:\New-Tech\XAMPP\htdocs\yii\framework\web\CBaseController.php(95): GpfController->renderInternal()
#1 D:\New-Tech\XAMPP\htdocs\yii\framework\web\CController.php(869): GpfController->renderFile()
#2 D:\New-Tech\XAMPP\htdocs\yii\framework\web\CController.php(782): GpfController->renderPartial()
#3 D:\New-Tech\XAMPP\htdocs\yii\protected\controllers\GpfController.php(9): GpfController->render()
#4 D:\New-Tech\XAMPP\htdocs\yii\framework\web\actions\CInlineAction.php(49): GpfController->actionIndex()
#5 D:\New-Tech\XAMPP\htdocs\yii\framework\web\CController.php(308): CInlineAction->runWithParams()
#6 D:\New-Tech\XAMPP\htdocs\yii\framework\web\CController.php(286): GpfController->runAction()
#7 D:\New-Tech\XAMPP\htdocs\yii\framework\web\CController.php(265): GpfController->runActionWithFilters()
#8 D:\New-Tech\XAMPP\htdocs\yii\framework\web\CWebApplication.php(282): GpfController->run()
#9 D:\New-Tech\XAMPP\htdocs\yii\framework\web\CWebApplication.php(141): CWebApplication->runController()
#10 D:\New-Tech\XAMPP\htdocs\yii\framework\base\CApplication.php(180): CWebApplication->processRequest()
#11 D:\New-Tech\XAMPP\htdocs\yii\index.php(13): CWebApplication->run()
REQUEST_URI=/yii/index.php?r=gpf/index
in D:\New-Tech\XAMPP\htdocs\yii\protected\views\gpf\index.php (3)
in D:\New-Tech\XAMPP\htdocs\yii\protected\views\gpf\index.php (3)
in D:\New-Tech\XAMPP\htdocs\yii\protected\controllers\GpfController.php (9)
2014/03/18 05:20:03 [error] [php] require_once(google-api-php-client/src/Google_Client.php): failed to open stream: No such file or directory (D:\New-Tech\XAMPP\htdocs\yii\protected\views\gpf\index.php:3)
Stack trace:
#0 D:\New-Tech\XAMPP\htdocs\yii\framework\web\CBaseController.php(95): GpfController->renderInternal()
#1 D:\New-Tech\XAMPP\htdocs\yii\framework\web\CController.php(869): GpfController->renderFile()
#2 D:\New-Tech\XAMPP\htdocs\yii\framework\web\CController.php(782): GpfController->renderPartial()
#3 D:\New-Tech\XAMPP\htdocs\yii\protected\controllers\GpfController.php(9): GpfController->render()
#4 D:\New-Tech\XAMPP\htdocs\yii\framework\web\actions\CInlineAction.php(49): GpfController->actionIndex()
#5 D:\New-Tech\XAMPP\htdocs\yii\framework\web\CController.php(308): CInlineAction->runWithParams()
#6 D:\New-Tech\XAMPP\htdocs\yii\framework\web\CController.php(286): GpfController->runAction()
#7 D:\New-Tech\XAMPP\htdocs\yii\framework\web\CController.php(265): GpfController->runActionWithFilters()
#8 D:\New-Tech\XAMPP\htdocs\yii\framework\web\CWebApplication.php(282): GpfController->run()
#9 D:\New-Tech\XAMPP\htdocs\yii\framework\web\CWebApplication.php(141): CWebApplication->runController()
#10 D:\New-Tech\XAMPP\htdocs\yii\framework\base\CApplication.php(180): CWebApplication->processRequest()
#11 D:\New-Tech\XAMPP\htdocs\yii\index.php(13): CWebApplication->run()
REQUEST_URI=/yii/index.php?r=gpf/index
in D:\New-Tech\XAMPP\htdocs\yii\protected\views\gpf\index.php (3)
in D:\New-Tech\XAMPP\htdocs\yii\protected\views\gpf\index.php (3)
in D:\New-Tech\XAMPP\htdocs\yii\protected\controllers\GpfController.php (9)
2014/03/18 05:20:17 [error] [php] require_once(google-api-php-client/src/Google_Client.php): failed to open stream: No such file or directory (D:\New-Tech\XAMPP\htdocs\yii\protected\views\gpf\index.php:3)
Stack trace:
#0 D:\New-Tech\XAMPP\htdocs\yii\framework\web\CBaseController.php(95): GpfController->renderInternal()
#1 D:\New-Tech\XAMPP\htdocs\yii\framework\web\CController.php(869): GpfController->renderFile()
#2 D:\New-Tech\XAMPP\htdocs\yii\framework\web\CController.php(782): GpfController->renderPartial()
#3 D:\New-Tech\XAMPP\htdocs\yii\protected\controllers\GpfController.php(9): GpfController->render()
#4 D:\New-Tech\XAMPP\htdocs\yii\framework\web\actions\CInlineAction.php(49): GpfController->actionIndex()
#5 D:\New-Tech\XAMPP\htdocs\yii\framework\web\CController.php(308): CInlineAction->runWithParams()
#6 D:\New-Tech\XAMPP\htdocs\yii\framework\web\CController.php(286): GpfController->runAction()
#7 D:\New-Tech\XAMPP\htdocs\yii\framework\web\CController.php(265): GpfController->runActionWithFilters()
#8 D:\New-Tech\XAMPP\htdocs\yii\framework\web\CWebApplication.php(282): GpfController->run()
#9 D:\New-Tech\XAMPP\htdocs\yii\framework\web\CWebApplication.php(141): CWebApplication->runController()
#10 D:\New-Tech\XAMPP\htdocs\yii\framework\base\CApplication.php(180): CWebApplication->processRequest()
#11 D:\New-Tech\XAMPP\htdocs\yii\index.php(13): CWebApplication->run()
REQUEST_URI=/yii/index.php?r=gpf/index
in D:\New-Tech\XAMPP\htdocs\yii\protected\views\gpf\index.php (3)
in D:\New-Tech\XAMPP\htdocs\yii\protected\views\gpf\index.php (3)
in D:\New-Tech\XAMPP\htdocs\yii\protected\controllers\GpfController.php (9)
2014/03/18 05:20:28 [error] [php] require_once(google-api-php-client/src/Google_Client.php): failed to open stream: No such file or directory (D:\New-Tech\XAMPP\htdocs\yii\protected\views\gpf\index.php:3)
Stack trace:
#0 D:\New-Tech\XAMPP\htdocs\yii\framework\web\CBaseController.php(95): GpfController->renderInternal()
#1 D:\New-Tech\XAMPP\htdocs\yii\framework\web\CController.php(869): GpfController->renderFile()
#2 D:\New-Tech\XAMPP\htdocs\yii\framework\web\CController.php(782): GpfController->renderPartial()
#3 D:\New-Tech\XAMPP\htdocs\yii\protected\controllers\GpfController.php(9): GpfController->render()
#4 D:\New-Tech\XAMPP\htdocs\yii\framework\web\actions\CInlineAction.php(49): GpfController->actionIndex()
#5 D:\New-Tech\XAMPP\htdocs\yii\framework\web\CController.php(308): CInlineAction->runWithParams()
#6 D:\New-Tech\XAMPP\htdocs\yii\framework\web\CController.php(286): GpfController->runAction()
#7 D:\New-Tech\XAMPP\htdocs\yii\framework\web\CController.php(265): GpfController->runActionWithFilters()
#8 D:\New-Tech\XAMPP\htdocs\yii\framework\web\CWebApplication.php(282): GpfController->run()
#9 D:\New-Tech\XAMPP\htdocs\yii\framework\web\CWebApplication.php(141): CWebApplication->runController()
#10 D:\New-Tech\XAMPP\htdocs\yii\framework\base\CApplication.php(180): CWebApplication->processRequest()
#11 D:\New-Tech\XAMPP\htdocs\yii\index.php(13): CWebApplication->run()
REQUEST_URI=/yii/index.php?r=gpf/index
in D:\New-Tech\XAMPP\htdocs\yii\protected\views\gpf\index.php (3)
in D:\New-Tech\XAMPP\htdocs\yii\protected\views\gpf\index.php (3)
in D:\New-Tech\XAMPP\htdocs\yii\protected\controllers\GpfController.php (9)
2014/03/18 05:22:19 [error] [php] require_once(google-api-php-client/src/Google_Client.php): failed to open stream: No such file or directory (D:\New-Tech\XAMPP\htdocs\yii\protected\views\gpf\index.php:3)
Stack trace:
#0 D:\New-Tech\XAMPP\htdocs\yii\framework\web\CBaseController.php(95): GpfController->renderInternal()
#1 D:\New-Tech\XAMPP\htdocs\yii\framework\web\CController.php(869): GpfController->renderFile()
#2 D:\New-Tech\XAMPP\htdocs\yii\framework\web\CController.php(782): GpfController->renderPartial()
#3 D:\New-Tech\XAMPP\htdocs\yii\protected\controllers\GpfController.php(9): GpfController->render()
#4 D:\New-Tech\XAMPP\htdocs\yii\framework\web\actions\CInlineAction.php(49): GpfController->actionIndex()
#5 D:\New-Tech\XAMPP\htdocs\yii\framework\web\CController.php(308): CInlineAction->runWithParams()
#6 D:\New-Tech\XAMPP\htdocs\yii\framework\web\CController.php(286): GpfController->runAction()
#7 D:\New-Tech\XAMPP\htdocs\yii\framework\web\CController.php(265): GpfController->runActionWithFilters()
#8 D:\New-Tech\XAMPP\htdocs\yii\framework\web\CWebApplication.php(282): GpfController->run()
#9 D:\New-Tech\XAMPP\htdocs\yii\framework\web\CWebApplication.php(141): CWebApplication->runController()
#10 D:\New-Tech\XAMPP\htdocs\yii\framework\base\CApplication.php(180): CWebApplication->processRequest()
#11 D:\New-Tech\XAMPP\htdocs\yii\index.php(13): CWebApplication->run()
REQUEST_URI=/yii/index.php?r=gpf/index
in D:\New-Tech\XAMPP\htdocs\yii\protected\views\gpf\index.php (3)
in D:\New-Tech\XAMPP\htdocs\yii\protected\views\gpf\index.php (3)
in D:\New-Tech\XAMPP\htdocs\yii\protected\controllers\GpfController.php (9)
2014/03/18 05:22:22 [error] [php] require_once(google-api-php-client/src/Google_Client.php): failed to open stream: No such file or directory (D:\New-Tech\XAMPP\htdocs\yii\protected\views\gpf\index.php:3)
Stack trace:
#0 D:\New-Tech\XAMPP\htdocs\yii\framework\web\CBaseController.php(95): GpfController->renderInternal()
#1 D:\New-Tech\XAMPP\htdocs\yii\framework\web\CController.php(869): GpfController->renderFile()
#2 D:\New-Tech\XAMPP\htdocs\yii\framework\web\CController.php(782): GpfController->renderPartial()
#3 D:\New-Tech\XAMPP\htdocs\yii\protected\controllers\GpfController.php(9): GpfController->render()
#4 D:\New-Tech\XAMPP\htdocs\yii\framework\web\actions\CInlineAction.php(49): GpfController->actionIndex()
#5 D:\New-Tech\XAMPP\htdocs\yii\framework\web\CController.php(308): CInlineAction->runWithParams()
#6 D:\New-Tech\XAMPP\htdocs\yii\framework\web\CController.php(286): GpfController->runAction()
#7 D:\New-Tech\XAMPP\htdocs\yii\framework\web\CController.php(265): GpfController->runActionWithFilters()
#8 D:\New-Tech\XAMPP\htdocs\yii\framework\web\CWebApplication.php(282): GpfController->run()
#9 D:\New-Tech\XAMPP\htdocs\yii\framework\web\CWebApplication.php(141): CWebApplication->runController()
#10 D:\New-Tech\XAMPP\htdocs\yii\framework\base\CApplication.php(180): CWebApplication->processRequest()
#11 D:\New-Tech\XAMPP\htdocs\yii\index.php(13): CWebApplication->run()
REQUEST_URI=/yii/index.php?r=gpf/index
in D:\New-Tech\XAMPP\htdocs\yii\protected\views\gpf\index.php (3)
in D:\New-Tech\XAMPP\htdocs\yii\protected\views\gpf\index.php (3)
in D:\New-Tech\XAMPP\htdocs\yii\protected\controllers\GpfController.php (9)
2014/03/18 05:22:28 [error] [php] require_once(google-api-php-client/src/Google_Client.php): failed to open stream: No such file or directory (D:\New-Tech\XAMPP\htdocs\yii\protected\views\gpf\index.php:3)
Stack trace:
#0 D:\New-Tech\XAMPP\htdocs\yii\framework\web\CBaseController.php(95): GpfController->renderInternal()
#1 D:\New-Tech\XAMPP\htdocs\yii\framework\web\CController.php(869): GpfController->renderFile()
#2 D:\New-Tech\XAMPP\htdocs\yii\framework\web\CController.php(782): GpfController->renderPartial()
#3 D:\New-Tech\XAMPP\htdocs\yii\protected\controllers\GpfController.php(9): GpfController->render()
#4 D:\New-Tech\XAMPP\htdocs\yii\framework\web\actions\CInlineAction.php(49): GpfController->actionIndex()
#5 D:\New-Tech\XAMPP\htdocs\yii\framework\web\CController.php(308): CInlineAction->runWithParams()
#6 D:\New-Tech\XAMPP\htdocs\yii\framework\web\CController.php(286): GpfController->runAction()
#7 D:\New-Tech\XAMPP\htdocs\yii\framework\web\CController.php(265): GpfController->runActionWithFilters()
#8 D:\New-Tech\XAMPP\htdocs\yii\framework\web\CWebApplication.php(282): GpfController->run()
#9 D:\New-Tech\XAMPP\htdocs\yii\framework\web\CWebApplication.php(141): CWebApplication->runController()
#10 D:\New-Tech\XAMPP\htdocs\yii\framework\base\CApplication.php(180): CWebApplication->processRequest()
#11 D:\New-Tech\XAMPP\htdocs\yii\index.php(13): CWebApplication->run()
REQUEST_URI=/yii/index.php?r=gpf/index
in D:\New-Tech\XAMPP\htdocs\yii\protected\views\gpf\index.php (3)
in D:\New-Tech\XAMPP\htdocs\yii\protected\views\gpf\index.php (3)
in D:\New-Tech\XAMPP\htdocs\yii\protected\controllers\GpfController.php (9)
2014/03/18 05:28:30 [error] [php] require_once(google-api-php-client\src\Google_Client.php): failed to open stream: No such file or directory (D:\New-Tech\XAMPP\htdocs\yii\protected\views\gpf\index.php:3)
Stack trace:
#0 D:\New-Tech\XAMPP\htdocs\yii\framework\web\CBaseController.php(95): GpfController->renderInternal()
#1 D:\New-Tech\XAMPP\htdocs\yii\framework\web\CController.php(869): GpfController->renderFile()
#2 D:\New-Tech\XAMPP\htdocs\yii\framework\web\CController.php(782): GpfController->renderPartial()
#3 D:\New-Tech\XAMPP\htdocs\yii\protected\controllers\GpfController.php(9): GpfController->render()
#4 D:\New-Tech\XAMPP\htdocs\yii\framework\web\actions\CInlineAction.php(49): GpfController->actionIndex()
#5 D:\New-Tech\XAMPP\htdocs\yii\framework\web\CController.php(308): CInlineAction->runWithParams()
#6 D:\New-Tech\XAMPP\htdocs\yii\framework\web\CController.php(286): GpfController->runAction()
#7 D:\New-Tech\XAMPP\htdocs\yii\framework\web\CController.php(265): GpfController->runActionWithFilters()
#8 D:\New-Tech\XAMPP\htdocs\yii\framework\web\CWebApplication.php(282): GpfController->run()
#9 D:\New-Tech\XAMPP\htdocs\yii\framework\web\CWebApplication.php(141): CWebApplication->runController()
#10 D:\New-Tech\XAMPP\htdocs\yii\framework\base\CApplication.php(180): CWebApplication->processRequest()
#11 D:\New-Tech\XAMPP\htdocs\yii\index.php(13): CWebApplication->run()
REQUEST_URI=/yii/index.php?r=gpf/index
in D:\New-Tech\XAMPP\htdocs\yii\protected\views\gpf\index.php (3)
in D:\New-Tech\XAMPP\htdocs\yii\protected\views\gpf\index.php (3)
in D:\New-Tech\XAMPP\htdocs\yii\protected\controllers\GpfController.php (9)
2014/03/18 05:32:29 [error] [php] require_once(google-api-php-client/src/Google_Client.php): failed to open stream: No such file or directory (D:\New-Tech\XAMPP\htdocs\yii\protected\views\gpf\index.php:3)
Stack trace:
#0 D:\New-Tech\XAMPP\htdocs\yii\framework\web\CBaseController.php(95): GpfController->renderInternal()
#1 D:\New-Tech\XAMPP\htdocs\yii\framework\web\CController.php(869): GpfController->renderFile()
#2 D:\New-Tech\XAMPP\htdocs\yii\framework\web\CController.php(782): GpfController->renderPartial()
#3 D:\New-Tech\XAMPP\htdocs\yii\protected\controllers\GpfController.php(9): GpfController->render()
#4 D:\New-Tech\XAMPP\htdocs\yii\framework\web\actions\CInlineAction.php(49): GpfController->actionIndex()
#5 D:\New-Tech\XAMPP\htdocs\yii\framework\web\CController.php(308): CInlineAction->runWithParams()
#6 D:\New-Tech\XAMPP\htdocs\yii\framework\web\CController.php(286): GpfController->runAction()
#7 D:\New-Tech\XAMPP\htdocs\yii\framework\web\CController.php(265): GpfController->runActionWithFilters()
#8 D:\New-Tech\XAMPP\htdocs\yii\framework\web\CWebApplication.php(282): GpfController->run()
#9 D:\New-Tech\XAMPP\htdocs\yii\framework\web\CWebApplication.php(141): CWebApplication->runController()
#10 D:\New-Tech\XAMPP\htdocs\yii\framework\base\CApplication.php(180): CWebApplication->processRequest()
#11 D:\New-Tech\XAMPP\htdocs\yii\index.php(13): CWebApplication->run()
REQUEST_URI=/yii/index.php?r=gpf/index
in D:\New-Tech\XAMPP\htdocs\yii\protected\views\gpf\index.php (3)
in D:\New-Tech\XAMPP\htdocs\yii\protected\views\gpf\index.php (3)
in D:\New-Tech\XAMPP\htdocs\yii\protected\controllers\GpfController.php (9)
2014/03/18 05:38:45 [error] [php] Undefined variable: client (D:\New-Tech\XAMPP\htdocs\yii\protected\views\gpf\index.php:8)
Stack trace:
#0 D:\New-Tech\XAMPP\htdocs\yii\framework\web\CController.php(869): GpfController->renderFile()
#1 D:\New-Tech\XAMPP\htdocs\yii\framework\web\CController.php(782): GpfController->renderPartial()
#2 D:\New-Tech\XAMPP\htdocs\yii\protected\controllers\GpfController.php(9): GpfController->render()
#3 D:\New-Tech\XAMPP\htdocs\yii\framework\web\actions\CInlineAction.php(49): GpfController->actionIndex()
#4 D:\New-Tech\XAMPP\htdocs\yii\framework\web\CController.php(308): CInlineAction->runWithParams()
#5 D:\New-Tech\XAMPP\htdocs\yii\framework\web\CController.php(286): GpfController->runAction()
#6 D:\New-Tech\XAMPP\htdocs\yii\framework\web\CController.php(265): GpfController->runActionWithFilters()
#7 D:\New-Tech\XAMPP\htdocs\yii\framework\web\CWebApplication.php(282): GpfController->run()
#8 D:\New-Tech\XAMPP\htdocs\yii\framework\web\CWebApplication.php(141): CWebApplication->runController()
#9 D:\New-Tech\XAMPP\htdocs\yii\framework\base\CApplication.php(180): CWebApplication->processRequest()
#10 D:\New-Tech\XAMPP\htdocs\yii\index.php(13): CWebApplication->run()
REQUEST_URI=/yii/index.php?r=gpf/index
in D:\New-Tech\XAMPP\htdocs\yii\protected\views\gpf\index.php (8)
in D:\New-Tech\XAMPP\htdocs\yii\protected\controllers\GpfController.php (9)
in D:\New-Tech\XAMPP\htdocs\yii\index.php (13)
2014/03/18 05:41:27 [error] [php] include(apiClient.php): failed to open stream: No such file or directory (D:\New-Tech\XAMPP\htdocs\yii\framework\YiiBase.php:427)
Stack trace:
#0 D:\New-Tech\XAMPP\htdocs\yii\protected\views\gpf\index.php(12): spl_autoload_call()
#1 D:\New-Tech\XAMPP\htdocs\yii\framework\web\CBaseController.php(126): require()
#2 D:\New-Tech\XAMPP\htdocs\yii\framework\web\CBaseController.php(95): GpfController->renderInternal()
#3 D:\New-Tech\XAMPP\htdocs\yii\framework\web\CController.php(869): GpfController->renderFile()
#4 D:\New-Tech\XAMPP\htdocs\yii\framework\web\CController.php(782): GpfController->renderPartial()
#5 D:\New-Tech\XAMPP\htdocs\yii\protected\controllers\GpfController.php(9): GpfController->render()
#6 D:\New-Tech\XAMPP\htdocs\yii\framework\web\actions\CInlineAction.php(49): GpfController->actionIndex()
#7 D:\New-Tech\XAMPP\htdocs\yii\framework\web\CController.php(308): CInlineAction->runWithParams()
#8 D:\New-Tech\XAMPP\htdocs\yii\framework\web\CController.php(286): GpfController->runAction()
#9 D:\New-Tech\XAMPP\htdocs\yii\framework\web\CController.php(265): GpfController->runActionWithFilters()
#10 D:\New-Tech\XAMPP\htdocs\yii\framework\web\CWebApplication.php(282): GpfController->run()
#11 D:\New-Tech\XAMPP\htdocs\yii\framework\web\CWebApplication.php(141): CWebApplication->runController()
#12 D:\New-Tech\XAMPP\htdocs\yii\framework\base\CApplication.php(180): CWebApplication->processRequest()
#13 D:\New-Tech\XAMPP\htdocs\yii\index.php(13): CWebApplication->run()
REQUEST_URI=/yii/index.php?r=gpf/index
in D:\New-Tech\XAMPP\htdocs\yii\protected\views\gpf\index.php (12)
in D:\New-Tech\XAMPP\htdocs\yii\protected\controllers\GpfController.php (9)
in D:\New-Tech\XAMPP\htdocs\yii\index.php (13)
2014/03/18 05:46:39 [error] [php] include(apiClient.php): failed to open stream: No such file or directory (D:\New-Tech\XAMPP\htdocs\yii\framework\YiiBase.php:427)
Stack trace:
#0 D:\New-Tech\XAMPP\htdocs\yii\protected\views\gpf\index.php(12): spl_autoload_call()
#1 D:\New-Tech\XAMPP\htdocs\yii\framework\web\CBaseController.php(126): require()
#2 D:\New-Tech\XAMPP\htdocs\yii\framework\web\CBaseController.php(95): GpfController->renderInternal()
#3 D:\New-Tech\XAMPP\htdocs\yii\framework\web\CController.php(869): GpfController->renderFile()
#4 D:\New-Tech\XAMPP\htdocs\yii\framework\web\CController.php(782): GpfController->renderPartial()
#5 D:\New-Tech\XAMPP\htdocs\yii\protected\controllers\GpfController.php(9): GpfController->render()
#6 D:\New-Tech\XAMPP\htdocs\yii\framework\web\actions\CInlineAction.php(49): GpfController->actionIndex()
#7 D:\New-Tech\XAMPP\htdocs\yii\framework\web\CController.php(308): CInlineAction->runWithParams()
#8 D:\New-Tech\XAMPP\htdocs\yii\framework\web\CController.php(286): GpfController->runAction()
#9 D:\New-Tech\XAMPP\htdocs\yii\framework\web\CController.php(265): GpfController->runActionWithFilters()
#10 D:\New-Tech\XAMPP\htdocs\yii\framework\web\CWebApplication.php(282): GpfController->run()
#11 D:\New-Tech\XAMPP\htdocs\yii\framework\web\CWebApplication.php(141): CWebApplication->runController()
#12 D:\New-Tech\XAMPP\htdocs\yii\framework\base\CApplication.php(180): CWebApplication->processRequest()
#13 D:\New-Tech\XAMPP\htdocs\yii\index.php(13): CWebApplication->run()
REQUEST_URI=/yii/index.php?r=gpf/index
in D:\New-Tech\XAMPP\htdocs\yii\protected\views\gpf\index.php (12)
in D:\New-Tech\XAMPP\htdocs\yii\protected\controllers\GpfController.php (9)
in D:\New-Tech\XAMPP\htdocs\yii\index.php (13)
2014/03/18 05:51:08 [error] [php] include(apiPlusService.php): failed to open stream: No such file or directory (D:\New-Tech\XAMPP\htdocs\yii\framework\YiiBase.php:427)
Stack trace:
#0 D:\New-Tech\XAMPP\htdocs\yii\protected\views\gpf\index.php(20): spl_autoload_call()
#1 D:\New-Tech\XAMPP\htdocs\yii\framework\web\CBaseController.php(126): require()
#2 D:\New-Tech\XAMPP\htdocs\yii\framework\web\CBaseController.php(95): GpfController->renderInternal()
#3 D:\New-Tech\XAMPP\htdocs\yii\framework\web\CController.php(869): GpfController->renderFile()
#4 D:\New-Tech\XAMPP\htdocs\yii\framework\web\CController.php(782): GpfController->renderPartial()
#5 D:\New-Tech\XAMPP\htdocs\yii\protected\controllers\GpfController.php(9): GpfController->render()
#6 D:\New-Tech\XAMPP\htdocs\yii\framework\web\actions\CInlineAction.php(49): GpfController->actionIndex()
#7 D:\New-Tech\XAMPP\htdocs\yii\framework\web\CController.php(308): CInlineAction->runWithParams()
#8 D:\New-Tech\XAMPP\htdocs\yii\framework\web\CController.php(286): GpfController->runAction()
#9 D:\New-Tech\XAMPP\htdocs\yii\framework\web\CController.php(265): GpfController->runActionWithFilters()
#10 D:\New-Tech\XAMPP\htdocs\yii\framework\web\CWebApplication.php(282): GpfController->run()
#11 D:\New-Tech\XAMPP\htdocs\yii\framework\web\CWebApplication.php(141): CWebApplication->runController()
#12 D:\New-Tech\XAMPP\htdocs\yii\framework\base\CApplication.php(180): CWebApplication->processRequest()
#13 D:\New-Tech\XAMPP\htdocs\yii\index.php(13): CWebApplication->run()
REQUEST_URI=/yii/index.php?r=gpf/index
in D:\New-Tech\XAMPP\htdocs\yii\protected\views\gpf\index.php (20)
in D:\New-Tech\XAMPP\htdocs\yii\protected\controllers\GpfController.php (9)
in D:\New-Tech\XAMPP\htdocs\yii\index.php (13)
